# JRE version: OpenJDK Runtime Environment (7.0_101) (build 1.7.0_101-b00)
# Java VM: OpenJDK 64-Bit Server VM (24.95-b01 mixed mode linux-amd64 compressed oops)
Heap
 PSYoungGen      total 297984K, used 48321K [0x00000000eaa80000, 0x0000000100000000, 0x0000000100000000)
  eden space 249856K, 6% used [0x00000000eaa80000,0x00000000eb9b2d70,0x00000000f9e80000)
  from space 48128K, 68% used [0x00000000f9e80000,0x00000000fbe7da70,0x00000000fcd80000)
  to   space 50688K, 0% used [0x00000000fce80000,0x00000000fce80000,0x0000000100000000)
 ParOldGen       total 349696K, used 188001K [0x00000000c0000000, 0x00000000d5580000, 0x00000000eaa80000)
  object space 349696K, 53% used [0x00000000c0000000,0x00000000cb798640,0x00000000d5580000)
 PSPermGen       total 139776K, used 72694K [0x00000000a8000000, 0x00000000b0880000, 0x00000000c0000000)
  object space 139776K, 52% used [0x00000000a8000000,0x00000000ac6fd908,0x00000000b0880000)
GC Heap History (10 events):
Event: 683.128 GC heap before
{Heap before GC invocations=78 (full 0):
 PSYoungGen      total 268288K, used 267810K [0x00000000eaa80000, 0x00000000ffd00000, 0x0000000100000000)
  eden space 245760K, 100% used [0x00000000eaa80000,0x00000000f9a80000,0x00000000f9a80000)
  from space 22528K, 97% used [0x00000000f9a80000,0x00000000fb008b70,0x00000000fb080000)
  to   space 50176K, 0% used [0x00000000fcc00000,0x00000000fcc00000,0x00000000ffd00000)
 ParOldGen       total 349696K, used 326337K [0x00000000c0000000, 0x00000000d5580000, 0x00000000eaa80000)
  object space 349696K, 93% used [0x00000000c0000000,0x00000000d3eb07e8,0x00000000d5580000)
 PSPermGen       total 70144K, used 69851K [0x00000000a8000000, 0x00000000ac480000, 0x00000000c0000000)
  object space 70144K, 99% used [0x00000000a8000000,0x00000000ac436f38,0x00000000ac480000)
Event: 683.189 GC heap after
Heap after GC invocations=78 (full 0):
 PSYoungGen      total 297984K, used 8644K [0x00000000eaa80000, 0x0000000100000000, 0x0000000100000000)
  eden space 247808K, 0% used [0x00000000eaa80000,0x00000000eaa80000,0x00000000f9c80000)
  from space 50176K, 17% used [0x00000000fcc00000,0x00000000fd4713d0,0x00000000ffd00000)
  to   space 48640K, 0% used [0x00000000f9c80000,0x00000000f9c80000,0x00000000fcc00000)
 ParOldGen       total 349696K, used 347134K [0x00000000c0000000, 0x00000000d5580000, 0x00000000eaa80000)
  object space 349696K, 99% used [0x00000000c0000000,0x00000000d52ff818,0x00000000d5580000)
 PSPermGen       total 70144K, used 69851K [0x00000000a8000000, 0x00000000ac480000, 0x00000000c0000000)
  object space 70144K, 99% used [0x00000000a8000000,0x00000000ac436f38,0x00000000ac480000)
}
Event: 683.189 GC heap before
{Heap before GC invocations=79 (full 1):
 PSYoungGen      total 297984K, used 8644K [0x00000000eaa80000, 0x0000000100000000, 0x0000000100000000)
  eden space 247808K, 0% used [0x00000000eaa80000,0x00000000eaa80000,0x00000000f9c80000)
  from space 50176K, 17% used [0x00000000fcc00000,0x00000000fd4713d0,0x00000000ffd00000)
  to   space 48640K, 0% used [0x00000000f9c80000,0x00000000f9c80000,0x00000000fcc00000)
 ParOldGen       total 349696K, used 347134K [0x00000000c0000000, 0x00000000d5580000, 0x00000000eaa80000)
  object space 349696K, 99% used [0x00000000c0000000,0x00000000d52ff818,0x00000000d5580000)
 PSPermGen       total 70144K, used 69851K [0x00000000a8000000, 0x00000000ac480000, 0x00000000c0000000)
  object space 70144K, 99% used [0x00000000a8000000,0x00000000ac436f38,0x00000000ac480000)
Event: 684.270 GC heap after
Heap after GC invocations=79 (full 1):
 PSYoungGen      total 297984K, used 0K [0x00000000eaa80000, 0x0000000100000000, 0x0000000100000000)
  eden space 247808K, 0% used [0x00000000eaa80000,0x00000000eaa80000,0x00000000f9c80000)
  from space 50176K, 0% used [0x00000000fcc00000,0x00000000fcc00000,0x00000000ffd00000)
  to   space 48640K, 0% used [0x00000000f9c80000,0x00000000f9c80000,0x00000000fcc00000)
 ParOldGen       total 349696K, used 179068K [0x00000000c0000000, 0x00000000d5580000, 0x00000000eaa80000)
  object space 349696K, 51% used [0x00000000c0000000,0x00000000caedf1c8,0x00000000d5580000)
 PSPermGen       total 139776K, used 69790K [0x00000000a8000000, 0x00000000b0880000, 0x00000000c0000000)
  object space 139776K, 49% used [0x00000000a8000000,0x00000000ac427a70,0x00000000b0880000)
}
Event: 873.611 GC heap before
{Heap before GC invocations=80 (full 1):
 PSYoungGen      total 297984K, used 247808K [0x00000000eaa80000, 0x0000000100000000, 0x0000000100000000)
  eden space 247808K, 100% used [0x00000000eaa80000,0x00000000f9c80000,0x00000000f9c80000)
  from space 50176K, 0% used [0x00000000fcc00000,0x00000000fcc00000,0x00000000ffd00000)
  to   space 48640K, 0% used [0x00000000f9c80000,0x00000000f9c80000,0x00000000fcc00000)
 ParOldGen       total 349696K, used 179068K [0x00000000c0000000, 0x00000000d5580000, 0x00000000eaa80000)
  object space 349696K, 51% used [0x00000000c0000000,0x00000000caedf1c8,0x00000000d5580000)
 PSPermGen       total 139776K, used 72559K [0x00000000a8000000, 0x00000000b0880000, 0x00000000c0000000)
  object space 139776K, 51% used [0x00000000a8000000,0x00000000ac6dbfe8,0x00000000b0880000)
Event: 873.643 GC heap after
Heap after GC invocations=80 (full 1):
 PSYoungGen      total 296448K, used 6444K [0x00000000eaa80000, 0x00000000ffb80000, 0x0000000100000000)
  eden space 247808K, 0% used [0x00000000eaa80000,0x00000000eaa80000,0x00000000f9c80000)
  from space 48640K, 13% used [0x00000000f9c80000,0x00000000fa2cb098,0x00000000fcc00000)
  to   space 47104K, 0% used [0x00000000fcd80000,0x00000000fcd80000,0x00000000ffb80000)
 ParOldGen       total 349696K, used 179068K [0x00000000c0000000, 0x00000000d5580000, 0x00000000eaa80000)
  object space 349696K, 51% used [0x00000000c0000000,0x00000000caedf1c8,0x00000000d5580000)
 PSPermGen       total 139776K, used 72559K [0x00000000a8000000, 0x00000000b0880000, 0x00000000c0000000)
  object space 139776K, 51% used [0x00000000a8000000,0x00000000ac6dbfe8,0x00000000b0880000)
}
Event: 998.179 GC heap before
{Heap before GC invocations=81 (full 1):
 PSYoungGen      total 296448K, used 254252K [0x00000000eaa80000, 0x00000000ffb80000, 0x0000000100000000)
  eden space 247808K, 100% used [0x00000000eaa80000,0x00000000f9c80000,0x00000000f9c80000)
  from space 48640K, 13% used [0x00000000f9c80000,0x00000000fa2cb098,0x00000000fcc00000)
  to   space 47104K, 0% used [0x00000000fcd80000,0x00000000fcd80000,0x00000000ffb80000)
 ParOldGen       total 349696K, used 179068K [0x00000000c0000000, 0x00000000d5580000, 0x00000000eaa80000)
  object space 349696K, 51% used [0x00000000c0000000,0x00000000caedf1c8,0x00000000d5580000)
 PSPermGen       total 139776K, used 72693K [0x00000000a8000000, 0x00000000b0880000, 0x00000000c0000000)
  object space 139776K, 52% used [0x00000000a8000000,0x00000000ac6fd7a0,0x00000000b0880000)
Event: 998.230 GC heap after
Heap after GC invocations=81 (full 1):
 PSYoungGen      total 296960K, used 26441K [0x00000000eaa80000, 0x0000000100000000, 0x0000000100000000)
  eden space 249856K, 0% used [0x00000000eaa80000,0x00000000eaa80000,0x00000000f9e80000)
  from space 47104K, 56% used [0x00000000fcd80000,0x00000000fe752680,0x00000000ffb80000)
  to   space 48128K, 0% used [0x00000000f9e80000,0x00000000f9e80000,0x00000000fcd80000)
 ParOldGen       total 349696K, used 182138K [0x00000000c0000000, 0x00000000d5580000, 0x00000000eaa80000)
  object space 349696K, 52% used [0x00000000c0000000,0x00000000cb1de908,0x00000000d5580000)
 PSPermGen       total 139776K, used 72693K [0x00000000a8000000, 0x00000000b0880000, 0x00000000c0000000)
  object space 139776K, 52% used [0x00000000a8000000,0x00000000ac6fd7a0,0x00000000b0880000)
}
Event: 999.148 GC heap before
{Heap before GC invocations=82 (full 1):
 PSYoungGen      total 296960K, used 276297K [0x00000000eaa80000, 0x0000000100000000, 0x0000000100000000)
  eden space 249856K, 100% used [0x00000000eaa80000,0x00000000f9e80000,0x00000000f9e80000)
  from space 47104K, 56% used [0x00000000fcd80000,0x00000000fe752680,0x00000000ffb80000)
  to   space 48128K, 0% used [0x00000000f9e80000,0x00000000f9e80000,0x00000000fcd80000)
 ParOldGen       total 349696K, used 182138K [0x00000000c0000000, 0x00000000d5580000, 0x00000000eaa80000)
  object space 349696K, 52% used [0x00000000c0000000,0x00000000cb1de908,0x00000000d5580000)
 PSPermGen       total 139776K, used 72694K [0x00000000a8000000, 0x00000000b0880000, 0x00000000c0000000)
  object space 139776K, 52% used [0x00000000a8000000,0x00000000ac6fd908,0x00000000b0880000)
Event: 999.257 GC heap after
Heap after GC invocations=82 (full 1):
 PSYoungGen      total 297984K, used 32758K [0x00000000eaa80000, 0x0000000100000000, 0x0000000100000000)
  eden space 249856K, 0% used [0x00000000eaa80000,0x00000000eaa80000,0x00000000f9e80000)
  from space 48128K, 68% used [0x00000000f9e80000,0x00000000fbe7da70,0x00000000fcd80000)
  to   space 50688K, 0% used [0x00000000fce80000,0x00000000fce80000,0x0000000100000000)
 ParOldGen       total 349696K, used 188001K [0x00000000c0000000, 0x00000000d5580000, 0x00000000eaa80000)
  object space 349696K, 53% used [0x00000000c0000000,0x00000000cb798640,0x00000000d5580000)
 PSPermGen       total 139776K, used 72694K [0x00000000a8000000, 0x00000000b0880000, 0x00000000c0000000)
  object space 139776K, 52% used [0x00000000a8000000,0x00000000ac6fd908,0x00000000b0880000)
}

